<?xml version="1.0" encoding="UTF-8"?>
<coverage generated="1587069525374" clover="3.2.0">
  <project timestamp="1587069525374" name="All files">
    <metrics statements="17" coveredstatements="14" conditionals="8" coveredconditionals="7" methods="5" coveredmethods="4" elements="30" coveredelements="25" complexity="0" loc="17" ncloc="17" packages="1" files="1" classes="1"/>
    <file name="main.js" path="/Users/josh/Desktop/simple-rpg/src/main.js">
      <metrics statements="17" coveredstatements="14" conditionals="8" coveredconditionals="7" methods="5" coveredmethods="4"/>
      <line num="8" count="0" type="stmt"/>
      <line num="9" count="0" type="stmt"/>
      <line num="10" count="0" type="stmt"/>
      <line num="19" count="6" type="stmt"/>
      <line num="20" count="6" type="stmt"/>
      <line num="21" count="6" type="stmt"/>
      <line num="24" count="6" type="cond" truecount="2" falsecount="0"/>
      <line num="25" count="4" type="stmt"/>
      <line num="26" count="4" type="stmt"/>
      <line num="27" count="2" type="cond" truecount="2" falsecount="0"/>
      <line num="28" count="1" type="stmt"/>
      <line num="29" count="1" type="stmt"/>
      <line num="30" count="1" type="cond" truecount="1" falsecount="1"/>
      <line num="31" count="1" type="stmt"/>
      <line num="32" count="1" type="stmt"/>
      <line num="36" count="2" type="cond" truecount="2" falsecount="0"/>
      <line num="39" count="1" type="stmt"/>
    </file>
  </project>
</coverage>
