<?xml version="1.0" encoding="UTF-8"?>
<coverage generated="1587070646049" clover="3.2.0">
  <project timestamp="1587070646049" name="All files">
    <metrics statements="20" coveredstatements="20" conditionals="10" coveredconditionals="9" methods="8" coveredmethods="8" elements="38" coveredelements="37" complexity="0" loc="20" ncloc="20" packages="1" files="1" classes="1"/>
    <file name="main.js" path="/Users/josh/Desktop/simple-rpg/src/main.js">
      <metrics statements="20" coveredstatements="20" conditionals="10" coveredconditionals="9" methods="8" coveredmethods="8"/>
      <line num="8" count="4" type="stmt"/>
      <line num="9" count="4" type="stmt"/>
      <line num="10" count="4" type="stmt"/>
      <line num="17" count="2" type="cond" truecount="2" falsecount="0"/>
      <line num="20" count="1" type="stmt"/>
      <line num="23" count="1" type="stmt"/>
      <line num="29" count="6" type="stmt"/>
      <line num="30" count="6" type="stmt"/>
      <line num="31" count="6" type="stmt"/>
      <line num="34" count="6" type="cond" truecount="2" falsecount="0"/>
      <line num="35" count="4" type="stmt"/>
      <line num="36" count="4" type="stmt"/>
      <line num="37" count="2" type="cond" truecount="2" falsecount="0"/>
      <line num="38" count="1" type="stmt"/>
      <line num="39" count="1" type="stmt"/>
      <line num="40" count="1" type="cond" truecount="1" falsecount="1"/>
      <line num="41" count="1" type="stmt"/>
      <line num="42" count="1" type="stmt"/>
      <line num="46" count="2" type="cond" truecount="2" falsecount="0"/>
      <line num="49" count="1" type="stmt"/>
    </file>
  </project>
</coverage>
