{"/Users/josh/Desktop/simple-rpg/src/main.js": {"path":"/Users/josh/Desktop/simple-rpg/src/main.js","statementMap":{"0":{"start":{"line":8,"column":4},"end":{"line":8,"column":25}},"1":{"start":{"line":9,"column":4},"end":{"line":9,"column":22}},"2":{"start":{"line":10,"column":4},"end":{"line":13,"column":5}},"3":{"start":{"line":17,"column":4},"end":{"line":17,"column":58}},"4":{"start":{"line":17,"column":26},"end":{"line":17,"column":37}},"5":{"start":{"line":17,"column":45},"end":{"line":17,"column":57}},"6":{"start":{"line":20,"column":5},"end":{"line":20,"column":24}},"7":{"start":{"line":23,"column":5},"end":{"line":23,"column":30}},"8":{"start":{"line":29,"column":4},"end":{"line":29,"column":26}},"9":{"start":{"line":30,"column":4},"end":{"line":30,"column":25}},"10":{"start":{"line":31,"column":4},"end":{"line":31,"column":26}},"11":{"start":{"line":34,"column":4},"end":{"line":43,"column":5}},"12":{"start":{"line":35,"column":6},"end":{"line":35,"column":28}},"13":{"start":{"line":36,"column":6},"end":{"line":36,"column":29}},"14":{"start":{"line":37,"column":10},"end":{"line":43,"column":5}},"15":{"start":{"line":38,"column":6},"end":{"line":38,"column":29}},"16":{"start":{"line":39,"column":6},"end":{"line":39,"column":29}},"17":{"start":{"line":40,"column":10},"end":{"line":43,"column":5}},"18":{"start":{"line":41,"column":6},"end":{"line":41,"column":29}},"19":{"start":{"line":42,"column":6},"end":{"line":42,"column":29}},"20":{"start":{"line":46,"column":3},"end":{"line":46,"column":62}},"21":{"start":{"line":46,"column":30},"end":{"line":46,"column":41}},"22":{"start":{"line":46,"column":49},"end":{"line":46,"column":61}},"23":{"start":{"line":49,"column":4},"end":{"line":49,"column":28}}},"fnMap":{"0":{"name":"(anonymous_0)","decl":{"start":{"line":7,"column":2},"end":{"line":7,"column":3}},"loc":{"start":{"line":7,"column":21},"end":{"line":14,"column":3}},"line":7},"1":{"name":"(anonymous_1)","decl":{"start":{"line":16,"column":2},"end":{"line":16,"column":3}},"loc":{"start":{"line":16,"column":10},"end":{"line":18,"column":4}},"line":16},"2":{"name":"(anonymous_2)","decl":{"start":{"line":19,"column":3},"end":{"line":19,"column":4}},"loc":{"start":{"line":19,"column":17},"end":{"line":21,"column":4}},"line":19},"3":{"name":"(anonymous_3)","decl":{"start":{"line":22,"column":3},"end":{"line":22,"column":4}},"loc":{"start":{"line":22,"column":15},"end":{"line":24,"column":4}},"line":22},"4":{"name":"(anonymous_4)","decl":{"start":{"line":28,"column":2},"end":{"line":28,"column":3}},"loc":{"start":{"line":28,"column":20},"end":{"line":32,"column":3}},"line":28},"5":{"name":"(anonymous_5)","decl":{"start":{"line":33,"column":2},"end":{"line":33,"column":3}},"loc":{"start":{"line":33,"column":17},"end":{"line":44,"column":3}},"line":33},"6":{"name":"(anonymous_6)","decl":{"start":{"line":45,"column":2},"end":{"line":45,"column":3}},"loc":{"start":{"line":45,"column":10},"end":{"line":47,"column":3}},"line":45},"7":{"name":"(anonymous_7)","decl":{"start":{"line":48,"column":2},"end":{"line":48,"column":3}},"loc":{"start":{"line":48,"column":16},"end":{"line":50,"column":3}},"line":48}},"branchMap":{"0":{"loc":{"start":{"line":17,"column":4},"end":{"line":17,"column":58}},"type":"if","locations":[{"start":{"line":17,"column":4},"end":{"line":17,"column":58}},{"start":{"line":17,"column":4},"end":{"line":17,"column":58}}],"line":17},"1":{"loc":{"start":{"line":34,"column":4},"end":{"line":43,"column":5}},"type":"if","locations":[{"start":{"line":34,"column":4},"end":{"line":43,"column":5}},{"start":{"line":34,"column":4},"end":{"line":43,"column":5}}],"line":34},"2":{"loc":{"start":{"line":37,"column":10},"end":{"line":43,"column":5}},"type":"if","locations":[{"start":{"line":37,"column":10},"end":{"line":43,"column":5}},{"start":{"line":37,"column":10},"end":{"line":43,"column":5}}],"line":37},"3":{"loc":{"start":{"line":40,"column":10},"end":{"line":43,"column":5}},"type":"if","locations":[{"start":{"line":40,"column":10},"end":{"line":43,"column":5}},{"start":{"line":40,"column":10},"end":{"line":43,"column":5}}],"line":40},"4":{"loc":{"start":{"line":46,"column":3},"end":{"line":46,"column":62}},"type":"if","locations":[{"start":{"line":46,"column":3},"end":{"line":46,"column":62}},{"start":{"line":46,"column":3},"end":{"line":46,"column":62}}],"line":46}},"s":{"0":4,"1":4,"2":4,"3":2,"4":1,"5":1,"6":1,"7":1,"8":6,"9":6,"10":6,"11":6,"12":4,"13":4,"14":2,"15":1,"16":1,"17":1,"18":1,"19":1,"20":2,"21":1,"22":1,"23":1},"f":{"0":4,"1":2,"2":1,"3":1,"4":6,"5":6,"6":2,"7":1},"b":{"0":[1,1],"1":[4,2],"2":[1,1],"3":[1,0],"4":[1,1]},"_coverageSchema":"43e27e138ebf9cfc5966b082cf9a028302ed4184","hash":"b7881be9ff063b02c25b05c3712129d7b4aeb9c6"}
}
