{"/Users/josh/Desktop/simple-rpg/src/main.js": {"path":"/Users/josh/Desktop/simple-rpg/src/main.js","statementMap":{"0":{"start":{"line":8,"column":4},"end":{"line":8,"column":25}},"1":{"start":{"line":9,"column":4},"end":{"line":9,"column":22}},"2":{"start":{"line":10,"column":4},"end":{"line":13,"column":5}},"3":{"start":{"line":19,"column":4},"end":{"line":19,"column":26}},"4":{"start":{"line":20,"column":4},"end":{"line":20,"column":25}},"5":{"start":{"line":21,"column":4},"end":{"line":21,"column":26}},"6":{"start":{"line":24,"column":4},"end":{"line":33,"column":5}},"7":{"start":{"line":25,"column":6},"end":{"line":25,"column":28}},"8":{"start":{"line":26,"column":6},"end":{"line":26,"column":29}},"9":{"start":{"line":27,"column":10},"end":{"line":33,"column":5}},"10":{"start":{"line":28,"column":6},"end":{"line":28,"column":29}},"11":{"start":{"line":29,"column":6},"end":{"line":29,"column":29}},"12":{"start":{"line":30,"column":10},"end":{"line":33,"column":5}},"13":{"start":{"line":31,"column":6},"end":{"line":31,"column":29}},"14":{"start":{"line":32,"column":6},"end":{"line":32,"column":29}},"15":{"start":{"line":36,"column":3},"end":{"line":36,"column":62}},"16":{"start":{"line":36,"column":30},"end":{"line":36,"column":41}},"17":{"start":{"line":36,"column":49},"end":{"line":36,"column":61}},"18":{"start":{"line":39,"column":4},"end":{"line":39,"column":28}}},"fnMap":{"0":{"name":"(anonymous_0)","decl":{"start":{"line":7,"column":2},"end":{"line":7,"column":3}},"loc":{"start":{"line":7,"column":21},"end":{"line":14,"column":3}},"line":7},"1":{"name":"(anonymous_1)","decl":{"start":{"line":18,"column":2},"end":{"line":18,"column":3}},"loc":{"start":{"line":18,"column":20},"end":{"line":22,"column":3}},"line":18},"2":{"name":"(anonymous_2)","decl":{"start":{"line":23,"column":2},"end":{"line":23,"column":3}},"loc":{"start":{"line":23,"column":17},"end":{"line":34,"column":3}},"line":23},"3":{"name":"(anonymous_3)","decl":{"start":{"line":35,"column":2},"end":{"line":35,"column":3}},"loc":{"start":{"line":35,"column":10},"end":{"line":37,"column":3}},"line":35},"4":{"name":"(anonymous_4)","decl":{"start":{"line":38,"column":2},"end":{"line":38,"column":3}},"loc":{"start":{"line":38,"column":16},"end":{"line":40,"column":3}},"line":38}},"branchMap":{"0":{"loc":{"start":{"line":24,"column":4},"end":{"line":33,"column":5}},"type":"if","locations":[{"start":{"line":24,"column":4},"end":{"line":33,"column":5}},{"start":{"line":24,"column":4},"end":{"line":33,"column":5}}],"line":24},"1":{"loc":{"start":{"line":27,"column":10},"end":{"line":33,"column":5}},"type":"if","locations":[{"start":{"line":27,"column":10},"end":{"line":33,"column":5}},{"start":{"line":27,"column":10},"end":{"line":33,"column":5}}],"line":27},"2":{"loc":{"start":{"line":30,"column":10},"end":{"line":33,"column":5}},"type":"if","locations":[{"start":{"line":30,"column":10},"end":{"line":33,"column":5}},{"start":{"line":30,"column":10},"end":{"line":33,"column":5}}],"line":30},"3":{"loc":{"start":{"line":36,"column":3},"end":{"line":36,"column":62}},"type":"if","locations":[{"start":{"line":36,"column":3},"end":{"line":36,"column":62}},{"start":{"line":36,"column":3},"end":{"line":36,"column":62}}],"line":36}},"s":{"0":0,"1":0,"2":0,"3":6,"4":6,"5":6,"6":6,"7":4,"8":4,"9":2,"10":1,"11":1,"12":1,"13":1,"14":1,"15":2,"16":1,"17":1,"18":1},"f":{"0":0,"1":6,"2":6,"3":2,"4":1},"b":{"0":[4,2],"1":[1,1],"2":[1,0],"3":[1,1]},"_coverageSchema":"43e27e138ebf9cfc5966b082cf9a028302ed4184","hash":"439268eedb183031c1c91c59247576a5fdf44c4d"}
}
