TN:
SF:/Users/josh/Desktop/simple-rpg/src/main.js
FN:7,(anonymous_0)
FN:16,(anonymous_1)
FN:19,(anonymous_2)
FN:22,(anonymous_3)
FN:28,(anonymous_4)
FN:33,(anonymous_5)
FN:45,(anonymous_6)
FN:48,(anonymous_7)
FNF:8
FNH:8
FNDA:4,(anonymous_0)
FNDA:2,(anonymous_1)
FNDA:1,(anonymous_2)
FNDA:1,(anonymous_3)
FNDA:6,(anonymous_4)
FNDA:6,(anonymous_5)
FNDA:2,(anonymous_6)
FNDA:1,(anonymous_7)
DA:8,4
DA:9,4
DA:10,4
DA:17,2
DA:20,1
DA:23,1
DA:29,6
DA:30,6
DA:31,6
DA:34,6
DA:35,4
DA:36,4
DA:37,2
DA:38,1
DA:39,1
DA:40,1
DA:41,1
DA:42,1
DA:46,2
DA:49,1
LF:20
LH:20
BRDA:17,0,0,1
BRDA:17,0,1,1
BRDA:34,1,0,4
BRDA:34,1,1,2
BRDA:37,2,0,1
BRDA:37,2,1,1
BRDA:40,3,0,1
BRDA:40,3,1,0
BRDA:46,4,0,1
BRDA:46,4,1,1
BRF:10
BRH:9
end_of_record
