TN:
SF:/Users/josh/Desktop/simple-rpg/src/main.js
FN:7,(anonymous_0)
FN:18,(anonymous_1)
FN:23,(anonymous_2)
FN:35,(anonymous_3)
FN:38,(anonymous_4)
FNF:5
FNH:4
FNDA:0,(anonymous_0)
FNDA:6,(anonymous_1)
FNDA:6,(anonymous_2)
FNDA:2,(anonymous_3)
FNDA:1,(anonymous_4)
DA:8,0
DA:9,0
DA:10,0
DA:19,6
DA:20,6
DA:21,6
DA:24,6
DA:25,4
DA:26,4
DA:27,2
DA:28,1
DA:29,1
DA:30,1
DA:31,1
DA:32,1
DA:36,2
DA:39,1
LF:17
LH:14
BRDA:24,0,0,4
BRDA:24,0,1,2
BRDA:27,1,0,1
BRDA:27,1,1,1
BRDA:30,2,0,1
BRDA:30,2,1,0
BRDA:36,3,0,1
BRDA:36,3,1,1
BRF:8
BRH:7
end_of_record
